<?xml version="1.0" encoding="UTF-8"?>
<testsuite xmlns:xsi="http://www.w3.org/2001/XMLSchema-instance" xsi:noNamespaceSchemaLocation="https://maven.apache.org/surefire/maven-surefire-plugin/xsd/surefire-test-report-3.0.xsd" version="3.0" name="com.example.LionTest" time="0.032" tests="5" errors="0" skipped="0" failures="0">
  <properties>
[...]
</properties>
  <testcase name="getFoodReturnsCorrectList" classname="com.example.LionTest" time="0.008"/>
  <testcase name="getKittensReturnsCorrectValue" classname="com.example.LionTest" time="0.003"/>
  <testcase name="doesHaveManeReturnsCorrectValue(String, boolean)[1]" classname="com.example.LionTest" time="0.003"/>
  <testcase name="doesHaveManeReturnsCorrectValue(String, boolean)[2]" classname="com.example.LionTest" time="0.002"/>
  <testcase name="lionConstructorThrowsExceptionOnInvalidSex" classname="com.example.LionTest" time="0.002"/>
</testsuite>